Build started 10/3/2013 6:38:00 PM.
     1>Project "C:\Users\DJ\Documents\Visual Studio 2010\Projects\VSMacros80\MyMacros\Simple Garage\Simple Garage\Simple Garage.vcxproj" on node 2 (build target(s)).
     1>InitializeBuildStatus:
         Creating "Debug\Simple Garage.unsuccessfulbuild" because "AlwaysCreate" was specified.
       ClCompile:
         All outputs are up-to-date.
         c:\Program Files (x86)\Microsoft Visual Studio 10.0\VC\bin\CL.exe /c /ZI /nologo /W3 /WX- /Od /Oy- /D WIN32 /D _DEBUG /D _CONSOLE /D _UNICODE /D UNICODE /Gm /EHsc /RTC1 /MDd /GS /fp:precise /Zc:wchar_t /Zc:forScope /Yu"StdAfx.h" /Fp"Debug\Simple Garage.pch" /Fo"Debug\\" /Fd"Debug\vc100.pdb" /Gd /TP /analyze- /errorReport:prompt Garage.cpp "Simple Garage.cpp"
         Garage.cpp
         Generating Code...
         Skipping... (no relevant changes detected)
         Simple Garage.cpp
       ManifestResourceCompile:
         All outputs are up-to-date.
       Link:
         c:\Program Files (x86)\Microsoft Visual Studio 10.0\VC\bin\link.exe /ERRORREPORT:PROMPT /OUT:"C:\Users\DJ\Documents\Visual Studio 2010\Projects\VSMacros80\MyMacros\Simple Garage\Debug\Simple Garage.exe" /INCREMENTAL /NOLOGO kernel32.lib user32.lib gdi32.lib winspool.lib comdlg32.lib advapi32.lib shell32.lib ole32.lib oleaut32.lib uuid.lib odbc32.lib odbccp32.lib /MANIFEST /ManifestFile:"Debug\Simple Garage.exe.intermediate.manifest" /MANIFESTUAC:"level='asInvoker' uiAccess='false'" /DEBUG /PDB:"C:\Users\DJ\Documents\Visual Studio 2010\Projects\VSMacros80\MyMacros\Simple Garage\Debug\Simple Garage.pdb" /SUBSYSTEM:CONSOLE /TLBID:1 /DYNAMICBASE /NXCOMPAT /IMPLIB:"C:\Users\DJ\Documents\Visual Studio 2010\Projects\VSMacros80\MyMacros\Simple Garage\Debug\Simple Garage.lib" /MACHINE:X86 "Debug\Simple Garage.exe.embed.manifest.res"
         Debug\Car.obj
         Debug\Garage.obj
         "Debug\Simple Garage.obj"
         Debug\stdafx.obj
         Debug\TractorTrailer.obj
         Debug\Vehicle.obj
       Manifest:
         C:\Program Files (x86)\Microsoft SDKs\Windows\v7.0A\bin\mt.exe /nologo /verbose /out:"Debug\Simple Garage.exe.embed.manifest" /manifest "Debug\Simple Garage.exe.intermediate.manifest"
         All outputs are up-to-date.
       LinkEmbedManifest:
         All outputs are up-to-date.
         Simple Garage.vcxproj -> C:\Users\DJ\Documents\Visual Studio 2010\Projects\VSMacros80\MyMacros\Simple Garage\Debug\Simple Garage.exe
       FinalizeBuildStatus:
         Deleting file "Debug\Simple Garage.unsuccessfulbuild".
         Touching "Debug\Simple Garage.lastbuildstate".
     1>Done Building Project "C:\Users\DJ\Documents\Visual Studio 2010\Projects\VSMacros80\MyMacros\Simple Garage\Simple Garage\Simple Garage.vcxproj" (build target(s)).

Build succeeded.

Time Elapsed 00:00:02.30
